[debug] [2023-06-05T16:08:00.716Z] ----------------------------------------------------------------------
[debug] [2023-06-05T16:08:00.720Z] Command:       C:\Program Files\nodejs\node.exe C:\Users\NIRMAL\AppData\Roaming\npm\node_modules\firebase-tools\lib\bin\firebase.js emulators:start --only functions
[debug] [2023-06-05T16:08:00.721Z] CLI Version:   11.25.2
[debug] [2023-06-05T16:08:00.721Z] Platform:      win32
[debug] [2023-06-05T16:08:00.721Z] Node Version:  v18.16.0
[debug] [2023-06-05T16:08:00.722Z] Time:          Mon Jun 05 2023 21:38:00 GMT+0530 (India Standard Time)
[debug] [2023-06-05T16:08:00.723Z] ----------------------------------------------------------------------
[debug] 
[debug] [2023-06-05T16:08:00.877Z] > command requires scopes: ["email","openid","https://www.googleapis.com/auth/cloudplatformprojects.readonly","https://www.googleapis.com/auth/firebase","https://www.googleapis.com/auth/cloud-platform"]
[debug] [2023-06-05T16:08:00.878Z] > authorizing via signed-in user (nirmalkanniaiyan1729@gmail.com)
[info] i  emulators: Starting emulators: functions {"metadata":{"emulator":{"name":"hub"},"message":"Starting emulators: functions"}}
[debug] [2023-06-05T16:08:00.891Z] [logging] Logging Emulator only supports listening on one address (127.0.0.1). Not listening on ::1
[debug] [2023-06-05T16:08:00.891Z] assigned listening specs for emulators {"user":{"hub":[{"address":"127.0.0.1","family":"IPv4","port":4400},{"address":"::1","family":"IPv6","port":4400}],"ui":[{"address":"127.0.0.1","family":"IPv4","port":4000},{"address":"::1","family":"IPv6","port":4000}],"logging":[{"address":"127.0.0.1","family":"IPv4","port":4500}]},"metadata":{"message":"assigned listening specs for emulators"}}
[debug] [2023-06-05T16:08:00.909Z] [hub] writing locator at C:\Users\NIRMAL\AppData\Local\Temp\hub-clone-3ccac.json
[debug] [2023-06-05T16:08:00.932Z] [functions] Functions Emulator only supports listening on one address (127.0.0.1). Not listening on ::1
[debug] [2023-06-05T16:08:00.933Z] [eventarc] Eventarc Emulator only supports listening on one address (127.0.0.1). Not listening on ::1
[debug] [2023-06-05T16:08:00.933Z] late-assigned ports for functions and eventarc emulators {"user":{"hub":[{"address":"127.0.0.1","family":"IPv4","port":4400},{"address":"::1","family":"IPv6","port":4400}],"ui":[{"address":"127.0.0.1","family":"IPv4","port":4000},{"address":"::1","family":"IPv6","port":4000}],"logging":[{"address":"127.0.0.1","family":"IPv4","port":4500}],"functions":[{"address":"127.0.0.1","family":"IPv4","port":5001}],"eventarc":[{"address":"127.0.0.1","family":"IPv4","port":9299}]},"metadata":{"message":"late-assigned ports for functions and eventarc emulators"}}
[warn] !  functions: The following emulators are not running, calls to these services from the Functions emulator will affect production: auth, firestore, database, hosting, pubsub, storage {"metadata":{"emulator":{"name":"functions"},"message":"The following emulators are not running, calls to these services from the Functions emulator will affect production: \u001b[1mauth, firestore, database, hosting, pubsub, storage\u001b[22m"}}
[debug] [2023-06-05T16:08:00.943Z] defaultcredentials: writing to file C:\Users\NIRMAL\AppData\Roaming\firebase\nirmalkanniaiyan1729_gmail_com_application_default_credentials.json
[debug] [2023-06-05T16:08:00.972Z] Setting GAC to C:\Users\NIRMAL\AppData\Roaming\firebase\nirmalkanniaiyan1729_gmail_com_application_default_credentials.json {"metadata":{"emulator":{"name":"functions"},"message":"Setting GAC to C:\\Users\\NIRMAL\\AppData\\Roaming\\firebase\\nirmalkanniaiyan1729_gmail_com_application_default_credentials.json"}}
[debug] [2023-06-05T16:08:00.975Z] >>> [apiv2][query] GET https://firebase.googleapis.com/v1beta1/projects/clone-3ccac/adminSdkConfig [none]
[debug] [2023-06-05T16:08:01.392Z] <<< [apiv2][status] GET https://firebase.googleapis.com/v1beta1/projects/clone-3ccac/adminSdkConfig 200
[debug] [2023-06-05T16:08:01.392Z] <<< [apiv2][body] GET https://firebase.googleapis.com/v1beta1/projects/clone-3ccac/adminSdkConfig {"projectId":"clone-3ccac","storageBucket":"clone-3ccac.appspot.com"}
[debug] [2023-06-05T16:08:01.476Z] Ignoring unsupported arg: auto_download {"metadata":{"emulator":{"name":"ui"},"message":"Ignoring unsupported arg: auto_download"}}
[debug] [2023-06-05T16:08:01.477Z] Ignoring unsupported arg: port {"metadata":{"emulator":{"name":"ui"},"message":"Ignoring unsupported arg: port"}}
[debug] [2023-06-05T16:08:01.477Z] Starting Emulator UI with command {"binary":"node","args":["C:\\Users\\NIRMAL\\.cache\\firebase\\emulators\\ui-v1.11.4\\server\\server.js"],"optionalArgs":[],"joinArgs":false} {"metadata":{"emulator":{"name":"ui"},"message":"Starting Emulator UI with command {\"binary\":\"node\",\"args\":[\"C:\\\\Users\\\\NIRMAL\\\\.cache\\\\firebase\\\\emulators\\\\ui-v1.11.4\\\\server\\\\server.js\"],\"optionalArgs\":[],\"joinArgs\":false}"}}
[info] i  ui: Emulator UI logging to ui-debug.log {"metadata":{"emulator":{"name":"ui"},"message":"Emulator UI logging to \u001b[1mui-debug.log\u001b[22m"}}
[debug] [2023-06-05T16:08:01.685Z] Web / API server started at 127.0.0.1:4000
 {"metadata":{"emulator":{"name":"ui"},"message":"Web / API server started at 127.0.0.1:4000\n"}}
[debug] [2023-06-05T16:08:01.685Z] Web / API server started at ::1:4000
 {"metadata":{"emulator":{"name":"ui"},"message":"Web / API server started at ::1:4000\n"}}
[info] i  functions: Watching "E:\Amazon_clone\amazon\functions" for Cloud Functions... {"metadata":{"emulator":{"name":"functions"},"message":"Watching \"E:\\Amazon_clone\\amazon\\functions\" for Cloud Functions..."}}
[debug] [2023-06-05T16:08:01.763Z] Validating nodejs source
[warn] !  functions: package.json indicates an outdated version of firebase-functions. Please upgrade using npm install --save firebase-functions@latest in your functions directory. 
[debug] [2023-06-05T16:08:04.349Z] > [functions] package.json contents: {
  "name": "functions",
  "description": "Cloud Functions for Firebase",
  "scripts": {
    "serve": "firebase emulators:start --only functions",
    "shell": "firebase functions:shell",
    "start": "npm run shell",
    "deploy": "firebase deploy --only functions",
    "logs": "firebase functions:log"
  },
  "engines": {
    "node": "16"
  },
  "main": "index.js",
  "dependencies": {
    "cors": "^2.8.5",
    "express": "^4.18.2",
    "firebase-admin": "^10.0.2",
    "firebase-functions": "^4.2.1",
    "stripe": "^11.10.0"
  },
  "devDependencies": {
    "firebase-functions-test": "^0.2.0"
  },
  "private": true
}
[debug] [2023-06-05T16:08:04.349Z] Building nodejs source
[debug] [2023-06-05T16:08:04.350Z] Failed to find version of module node: reached end of search path E:\Amazon_clone\amazon\functions\node_modules
[warn] !  functions: Your requested "node" version "16" doesn't match your global version "18". Using node@18 from host. 
[debug] [2023-06-05T16:08:04.352Z] Could not find functions.yaml. Must use http discovery
[debug] [2023-06-05T16:08:04.368Z] Found firebase-functions binary at 'E:\Amazon_clone\amazon\functions\node_modules\.bin\firebase-functions'
[debug] [2023-06-05T16:08:04.796Z] Serving at port 8474

[debug] [2023-06-05T16:08:05.174Z] Got response from /__/functions.yaml {"endpoints":{"api":{"platform":"gcfv1","availableMemoryMb":null,"timeoutSeconds":null,"minInstances":null,"maxInstances":null,"ingressSettings":null,"serviceAccountEmail":null,"vpc":null,"httpsTrigger":{},"entryPoint":"api"}},"specVersion":"v1alpha1","requiredAPIs":[]}
[debug] [2023-06-05T16:08:05.182Z] shutdown requested via /__/quitquitquit

[info] +  functions: Loaded functions definitions from source: api. {"metadata":{"emulator":{"name":"functions"},"message":"Loaded functions definitions from source: api."}}
[info] +  functions[us-central1-api]: http function initialized (http://127.0.0.1:5001/clone-3ccac/us-central1/api). {"metadata":{"emulator":{"name":"functions"},"message":"\u001b[1mhttp\u001b[22m function initialized (http://127.0.0.1:5001/clone-3ccac/us-central1/api)."}}
[info] 
┌─────────────────────────────────────────────────────────────┐
│ ✔  All emulators ready! It is now safe to connect your app. │
│ i  View Emulator UI at http://127.0.0.1:4000/               │
└─────────────────────────────────────────────────────────────┘

┌───────────┬────────────────┬─────────────────────────────────┐
│ Emulator  │ Host:Port      │ View in Emulator UI             │
├───────────┼────────────────┼─────────────────────────────────┤
│ Functions │ 127.0.0.1:5001 │ http://127.0.0.1:4000/functions │
└───────────┴────────────────┴─────────────────────────────────┘
  Emulator Hub running at 127.0.0.1:4400
  Other reserved ports: 4500

Issues? Report them at https://github.com/firebase/firebase-tools/issues and attach the *-debug.log files.
 
[debug] [2023-06-05T16:08:29.699Z] [work-queue] {"queuedWork":["/clone-3ccac/us-centrxal1/api/payments/create-2023-06-05T16:08:29.698Z"],"queueLength":1,"runningWork":[],"workRunningCount":0}
[debug] [2023-06-05T16:08:29.700Z] [work-queue] {"queuedWork":[],"queueLength":0,"runningWork":["/clone-3ccac/us-centrxal1/api/payments/create-2023-06-05T16:08:29.698Z"],"workRunningCount":1}
[debug] [2023-06-05T16:08:29.702Z] [work-queue] {"queuedWork":[],"queueLength":0,"runningWork":[],"workRunningCount":0}
[debug] [2023-06-05T16:08:29.703Z] [work-queue] {"queuedWork":["/clone-3ccac/us-centrxal1/api/payments/create-2023-06-05T16:08:29.703Z"],"queueLength":1,"runningWork":[],"workRunningCount":0}
[debug] [2023-06-05T16:08:29.703Z] [work-queue] {"queuedWork":[],"queueLength":0,"runningWork":["/clone-3ccac/us-centrxal1/api/payments/create-2023-06-05T16:08:29.703Z"],"workRunningCount":1}
[debug] [2023-06-05T16:08:29.704Z] [work-queue] {"queuedWork":[],"queueLength":0,"runningWork":[],"workRunningCount":0}
[debug] [2023-06-05T16:08:41.870Z] [work-queue] {"queuedWork":["/clone-3ccac/us-centrxal1/api/payments/create-2023-06-05T16:08:41.870Z"],"queueLength":1,"runningWork":[],"workRunningCount":0}
[debug] [2023-06-05T16:08:41.871Z] [work-queue] {"queuedWork":[],"queueLength":0,"runningWork":["/clone-3ccac/us-centrxal1/api/payments/create-2023-06-05T16:08:41.870Z"],"workRunningCount":1}
[debug] [2023-06-05T16:08:41.872Z] [work-queue] {"queuedWork":[],"queueLength":0,"runningWork":[],"workRunningCount":0}
[debug] [2023-06-05T16:08:41.873Z] [work-queue] {"queuedWork":["/clone-3ccac/us-centrxal1/api/payments/create-2023-06-05T16:08:41.873Z"],"queueLength":1,"runningWork":[],"workRunningCount":0}
[debug] [2023-06-05T16:08:41.873Z] [work-queue] {"queuedWork":[],"queueLength":0,"runningWork":["/clone-3ccac/us-centrxal1/api/payments/create-2023-06-05T16:08:41.873Z"],"workRunningCount":1}
[debug] [2023-06-05T16:08:41.874Z] [work-queue] {"queuedWork":[],"queueLength":0,"runningWork":[],"workRunningCount":0}
[debug] [2023-08-08T13:02:01.063Z] ----------------------------------------------------------------------
[debug] [2023-08-08T13:02:01.066Z] Command:       C:\Program Files\nodejs\node.exe C:\Users\NIRMAL\AppData\Roaming\npm\node_modules\firebase-tools\lib\bin\firebase.js emulators:start
[debug] [2023-08-08T13:02:01.067Z] CLI Version:   11.25.2
[debug] [2023-08-08T13:02:01.067Z] Platform:      win32
[debug] [2023-08-08T13:02:01.067Z] Node Version:  v18.16.0
[debug] [2023-08-08T13:02:01.068Z] Time:          Tue Aug 08 2023 18:32:01 GMT+0530 (India Standard Time)
[debug] [2023-08-08T13:02:01.069Z] ----------------------------------------------------------------------
[debug] 
[debug] [2023-08-08T13:02:01.074Z] >>> [apiv2][query] GET https://firebase-public.firebaseio.com/cli.json [none]
[debug] [2023-08-08T13:02:01.259Z] > command requires scopes: ["email","openid","https://www.googleapis.com/auth/cloudplatformprojects.readonly","https://www.googleapis.com/auth/firebase","https://www.googleapis.com/auth/cloud-platform"]
[debug] [2023-08-08T13:02:01.260Z] > authorizing via signed-in user (nirmalkanniaiyan1729@gmail.com)
[info] i  emulators: Starting emulators: functions, hosting {"metadata":{"emulator":{"name":"hub"},"message":"Starting emulators: functions, hosting"}}
[debug] [2023-08-08T13:02:01.279Z] [logging] Logging Emulator only supports listening on one address (127.0.0.1). Not listening on ::1
[debug] [2023-08-08T13:02:01.280Z] [hosting] Hosting Emulator only supports listening on one address (127.0.0.1). Not listening on ::1
[debug] [2023-08-08T13:02:01.280Z] assigned listening specs for emulators {"user":{"hub":[{"address":"127.0.0.1","family":"IPv4","port":4400},{"address":"::1","family":"IPv6","port":4400}],"ui":[{"address":"127.0.0.1","family":"IPv4","port":4000},{"address":"::1","family":"IPv6","port":4000}],"logging":[{"address":"127.0.0.1","family":"IPv4","port":4500}],"hosting":[{"address":"127.0.0.1","family":"IPv4","port":5000}]},"metadata":{"message":"assigned listening specs for emulators"}}
[debug] [2023-08-08T13:02:01.295Z] [hub] writing locator at C:\Users\NIRMAL\AppData\Local\Temp\hub-clone-3ccac.json
[debug] [2023-08-08T13:02:01.342Z] [functions] Functions Emulator only supports listening on one address (127.0.0.1). Not listening on ::1
[debug] [2023-08-08T13:02:01.342Z] [eventarc] Eventarc Emulator only supports listening on one address (127.0.0.1). Not listening on ::1
[debug] [2023-08-08T13:02:01.343Z] late-assigned ports for functions and eventarc emulators {"user":{"hub":[{"address":"127.0.0.1","family":"IPv4","port":4400},{"address":"::1","family":"IPv6","port":4400}],"ui":[{"address":"127.0.0.1","family":"IPv4","port":4000},{"address":"::1","family":"IPv6","port":4000}],"logging":[{"address":"127.0.0.1","family":"IPv4","port":4500}],"hosting":[{"address":"127.0.0.1","family":"IPv4","port":5000}],"functions":[{"address":"127.0.0.1","family":"IPv4","port":5001}],"eventarc":[{"address":"127.0.0.1","family":"IPv4","port":9299}]},"metadata":{"message":"late-assigned ports for functions and eventarc emulators"}}
[warn] !  functions: The following emulators are not running, calls to these services from the Functions emulator will affect production: auth, firestore, database, pubsub, storage {"metadata":{"emulator":{"name":"functions"},"message":"The following emulators are not running, calls to these services from the Functions emulator will affect production: \u001b[1mauth, firestore, database, pubsub, storage\u001b[22m"}}
[debug] [2023-08-08T13:02:01.352Z] defaultcredentials: writing to file C:\Users\NIRMAL\AppData\Roaming\firebase\nirmalkanniaiyan1729_gmail_com_application_default_credentials.json
[debug] [2023-08-08T13:02:01.376Z] Setting GAC to C:\Users\NIRMAL\AppData\Roaming\firebase\nirmalkanniaiyan1729_gmail_com_application_default_credentials.json {"metadata":{"emulator":{"name":"functions"},"message":"Setting GAC to C:\\Users\\NIRMAL\\AppData\\Roaming\\firebase\\nirmalkanniaiyan1729_gmail_com_application_default_credentials.json"}}
[debug] [2023-08-08T13:02:01.378Z] > refreshing access token with scopes: []
[debug] [2023-08-08T13:02:01.380Z] >>> [apiv2][query] POST https://www.googleapis.com/oauth2/v3/token [none]
[debug] [2023-08-08T13:02:01.380Z] >>> [apiv2][body] POST https://www.googleapis.com/oauth2/v3/token [omitted]
[debug] [2023-08-08T13:02:01.604Z] <<< [apiv2][status] POST https://www.googleapis.com/oauth2/v3/token 200
[debug] [2023-08-08T13:02:01.604Z] <<< [apiv2][body] POST https://www.googleapis.com/oauth2/v3/token [omitted]
[debug] [2023-08-08T13:02:01.634Z] >>> [apiv2][query] GET https://firebase.googleapis.com/v1beta1/projects/clone-3ccac/adminSdkConfig [none]
[debug] [2023-08-08T13:02:01.959Z] <<< [apiv2][status] GET https://firebase-public.firebaseio.com/cli.json 200
[debug] [2023-08-08T13:02:01.959Z] <<< [apiv2][body] GET https://firebase-public.firebaseio.com/cli.json {"cloudBuildErrorAfter":1594252800000,"cloudBuildWarnAfter":1590019200000,"defaultNode10After":1594252800000,"minVersion":"3.0.5","node8DeploysDisabledAfter":1613390400000,"node8RuntimeDisabledAfter":1615809600000,"node8WarnAfter":1600128000000}
[debug] [2023-08-08T13:02:02.082Z] <<< [apiv2][status] GET https://firebase.googleapis.com/v1beta1/projects/clone-3ccac/adminSdkConfig 200
[debug] [2023-08-08T13:02:02.082Z] <<< [apiv2][body] GET https://firebase.googleapis.com/v1beta1/projects/clone-3ccac/adminSdkConfig {"projectId":"clone-3ccac","storageBucket":"clone-3ccac.appspot.com"}
[debug] [2023-08-08T13:02:02.153Z] >>> [apiv2][query] GET https://firebasehosting.googleapis.com/v1beta1/projects/clone-3ccac/sites 
[debug] [2023-08-08T13:02:03.193Z] <<< [apiv2][status] GET https://firebasehosting.googleapis.com/v1beta1/projects/clone-3ccac/sites 200
[debug] [2023-08-08T13:02:03.194Z] <<< [apiv2][body] GET https://firebasehosting.googleapis.com/v1beta1/projects/clone-3ccac/sites {"sites":[{"name":"projects/clone-3ccac/sites/clone-3ccac","defaultUrl":"https://clone-3ccac.web.app","appId":"1:332399401494:web:3c24b2e33d26c65b9d3337","type":"DEFAULT_SITE"}]}
[debug] [2023-08-08T13:02:03.195Z] >>> [apiv2][query] GET https://firebase.googleapis.com/v1beta1/projects/clone-3ccac/webApps/1:332399401494:web:3c24b2e33d26c65b9d3337/config [none]
[debug] [2023-08-08T13:02:04.318Z] <<< [apiv2][status] GET https://firebase.googleapis.com/v1beta1/projects/clone-3ccac/webApps/1:332399401494:web:3c24b2e33d26c65b9d3337/config 200
[debug] [2023-08-08T13:02:04.319Z] <<< [apiv2][body] GET https://firebase.googleapis.com/v1beta1/projects/clone-3ccac/webApps/1:332399401494:web:3c24b2e33d26c65b9d3337/config {"projectId":"clone-3ccac","appId":"1:332399401494:web:3c24b2e33d26c65b9d3337","storageBucket":"clone-3ccac.appspot.com","apiKey":"AIzaSyARxavVrbPr_ONtfrgGLFn99Bq_UxiJH4Y","authDomain":"clone-3ccac.firebaseapp.com","messagingSenderId":"332399401494","measurementId":"G-YJ17F3FN8V"}
[debug] [2023-08-08T13:02:04.365Z] >>> [apiv2][query] GET https://firebase.googleapis.com/v1beta1/projects/clone-3ccac [none]
[debug] [2023-08-08T13:02:05.034Z] <<< [apiv2][status] GET https://firebase.googleapis.com/v1beta1/projects/clone-3ccac 200
[debug] [2023-08-08T13:02:05.035Z] <<< [apiv2][body] GET https://firebase.googleapis.com/v1beta1/projects/clone-3ccac {"projectId":"clone-3ccac","projectNumber":"332399401494","displayName":"Amazon-clone","name":"projects/clone-3ccac","resources":{"hostingSite":"clone-3ccac"},"state":"ACTIVE","etag":"1_c787760e-844d-4de2-bbf8-9452306d8e1f"}
[info] i  hosting[clone-3ccac]: Serving hosting files from: public {"metadata":{"emulator":{"name":"hosting"},"message":"Serving hosting files from: \u001b[1mpublic\u001b[22m"}}
[info] +  hosting[clone-3ccac]: Local server: http://127.0.0.1:5000 {"metadata":{"emulator":{"name":"hosting"},"message":"Local server: \u001b[4m\u001b[1mhttp://127.0.0.1:5000\u001b[22m\u001b[24m"}}
[debug] [2023-08-08T13:02:05.148Z] Ignoring unsupported arg: auto_download {"metadata":{"emulator":{"name":"ui"},"message":"Ignoring unsupported arg: auto_download"}}
[debug] [2023-08-08T13:02:05.149Z] Ignoring unsupported arg: port {"metadata":{"emulator":{"name":"ui"},"message":"Ignoring unsupported arg: port"}}
[debug] [2023-08-08T13:02:05.149Z] Starting Emulator UI with command {"binary":"node","args":["C:\\Users\\NIRMAL\\.cache\\firebase\\emulators\\ui-v1.11.4\\server\\server.js"],"optionalArgs":[],"joinArgs":false} {"metadata":{"emulator":{"name":"ui"},"message":"Starting Emulator UI with command {\"binary\":\"node\",\"args\":[\"C:\\\\Users\\\\NIRMAL\\\\.cache\\\\firebase\\\\emulators\\\\ui-v1.11.4\\\\server\\\\server.js\"],\"optionalArgs\":[],\"joinArgs\":false}"}}
[info] i  ui: Emulator UI logging to ui-debug.log {"metadata":{"emulator":{"name":"ui"},"message":"Emulator UI logging to \u001b[1mui-debug.log\u001b[22m"}}
[debug] [2023-08-08T13:02:05.704Z] Web / API server started at 127.0.0.1:4000
 {"metadata":{"emulator":{"name":"ui"},"message":"Web / API server started at 127.0.0.1:4000\n"}}
[debug] [2023-08-08T13:02:05.705Z] Web / API server started at ::1:4000
 {"metadata":{"emulator":{"name":"ui"},"message":"Web / API server started at ::1:4000\n"}}
[info] i  functions: Watching "E:\Amazon_clone\amazon\functions" for Cloud Functions... {"metadata":{"emulator":{"name":"functions"},"message":"Watching \"E:\\Amazon_clone\\amazon\\functions\" for Cloud Functions..."}}
[debug] [2023-08-08T13:02:05.741Z] Validating nodejs source
[warn] !  functions: package.json indicates an outdated version of firebase-functions. Please upgrade using npm install --save firebase-functions@latest in your functions directory. 
[debug] [2023-08-08T13:02:09.812Z] > [functions] package.json contents: {
  "name": "functions",
  "description": "Cloud Functions for Firebase",
  "scripts": {
    "serve": "firebase emulators:start --only functions",
    "shell": "firebase functions:shell",
    "start": "npm run shell",
    "deploy": "firebase deploy --only functions",
    "logs": "firebase functions:log"
  },
  "engines": {
    "node": "16"
  },
  "main": "index.js",
  "dependencies": {
    "cors": "^2.8.5",
    "express": "^4.18.2",
    "firebase-admin": "^10.0.2",
    "firebase-functions": "^4.2.1",
    "stripe": "^11.10.0"
  },
  "devDependencies": {
    "firebase-functions-test": "^0.2.0"
  },
  "private": true
}
[debug] [2023-08-08T13:02:09.812Z] Building nodejs source
[debug] [2023-08-08T13:02:09.814Z] Failed to find version of module node: reached end of search path E:\Amazon_clone\amazon\functions\node_modules
[warn] !  functions: Your requested "node" version "16" doesn't match your global version "18". Using node@18 from host. 
[debug] [2023-08-08T13:02:09.821Z] Could not find functions.yaml. Must use http discovery
[debug] [2023-08-08T13:02:09.849Z] Found firebase-functions binary at 'E:\Amazon_clone\amazon\functions\node_modules\.bin\firebase-functions'
[debug] [2023-08-08T13:02:10.413Z] Serving at port 8394

[debug] [2023-08-08T13:02:11.065Z] Got response from /__/functions.yaml {"endpoints":{"api":{"platform":"gcfv1","availableMemoryMb":null,"timeoutSeconds":null,"minInstances":null,"maxInstances":null,"ingressSettings":null,"serviceAccountEmail":null,"vpc":null,"httpsTrigger":{},"entryPoint":"api"}},"specVersion":"v1alpha1","requiredAPIs":[]}
[debug] [2023-08-08T13:02:11.078Z] shutdown requested via /__/quitquitquit

[info] +  functions: Loaded functions definitions from source: api. {"metadata":{"emulator":{"name":"functions"},"message":"Loaded functions definitions from source: api."}}
[info] +  functions[us-central1-api]: http function initialized (http://127.0.0.1:5001/clone-3ccac/us-central1/api). {"metadata":{"emulator":{"name":"functions"},"message":"\u001b[1mhttp\u001b[22m function initialized (http://127.0.0.1:5001/clone-3ccac/us-central1/api)."}}
[info] 
┌─────────────────────────────────────────────────────────────┐
│ ✔  All emulators ready! It is now safe to connect your app. │
│ i  View Emulator UI at http://127.0.0.1:4000/               │
└─────────────────────────────────────────────────────────────┘

┌───────────┬────────────────┬─────────────────────────────────┐
│ Emulator  │ Host:Port      │ View in Emulator UI             │
├───────────┼────────────────┼─────────────────────────────────┤
│ Functions │ 127.0.0.1:5001 │ http://127.0.0.1:4000/functions │
├───────────┼────────────────┼─────────────────────────────────┤
│ Hosting   │ 127.0.0.1:5000 │ n/a                             │
└───────────┴────────────────┴─────────────────────────────────┘
  Emulator Hub running at 127.0.0.1:4400
  Other reserved ports: 4500

Issues? Report them at https://github.com/firebase/firebase-tools/issues and attach the *-debug.log files.
 
[debug] [2023-08-08T13:35:13.586Z] [work-queue] {"queuedWork":["/clone-3ccac/us-centrxal1/api/payments/create-2023-08-08T13:35:13.586Z"],"queueLength":1,"runningWork":[],"workRunningCount":0}
[debug] [2023-08-08T13:35:13.586Z] [work-queue] {"queuedWork":[],"queueLength":0,"runningWork":["/clone-3ccac/us-centrxal1/api/payments/create-2023-08-08T13:35:13.586Z"],"workRunningCount":1}
[debug] [2023-08-08T13:35:13.589Z] [work-queue] {"queuedWork":[],"queueLength":0,"runningWork":[],"workRunningCount":0}
[debug] [2023-08-08T13:35:13.591Z] [work-queue] {"queuedWork":["/clone-3ccac/us-centrxal1/api/payments/create-2023-08-08T13:35:13.591Z"],"queueLength":1,"runningWork":[],"workRunningCount":0}
[debug] [2023-08-08T13:35:13.591Z] [work-queue] {"queuedWork":[],"queueLength":0,"runningWork":["/clone-3ccac/us-centrxal1/api/payments/create-2023-08-08T13:35:13.591Z"],"workRunningCount":1}
[debug] [2023-08-08T13:35:13.592Z] [work-queue] {"queuedWork":[],"queueLength":0,"runningWork":[],"workRunningCount":0}
[debug] [2023-08-08T13:35:52.391Z] [work-queue] {"queuedWork":["/clone-3ccac/us-centrxal1/api/payments/create-2023-08-08T13:35:52.391Z"],"queueLength":1,"runningWork":[],"workRunningCount":0}
[debug] [2023-08-08T13:35:52.391Z] [work-queue] {"queuedWork":[],"queueLength":0,"runningWork":["/clone-3ccac/us-centrxal1/api/payments/create-2023-08-08T13:35:52.391Z"],"workRunningCount":1}
[debug] [2023-08-08T13:35:52.392Z] [work-queue] {"queuedWork":[],"queueLength":0,"runningWork":[],"workRunningCount":0}
[debug] [2023-08-08T13:35:52.393Z] [work-queue] {"queuedWork":["/clone-3ccac/us-centrxal1/api/payments/create-2023-08-08T13:35:52.393Z"],"queueLength":1,"runningWork":[],"workRunningCount":0}
[debug] [2023-08-08T13:35:52.393Z] [work-queue] {"queuedWork":[],"queueLength":0,"runningWork":["/clone-3ccac/us-centrxal1/api/payments/create-2023-08-08T13:35:52.393Z"],"workRunningCount":1}
[debug] [2023-08-08T13:35:52.394Z] [work-queue] {"queuedWork":[],"queueLength":0,"runningWork":[],"workRunningCount":0}
[debug] [2023-08-08T13:36:03.516Z] [work-queue] {"queuedWork":["/clone-3ccac/us-centrxal1/api/payments/create-2023-08-08T13:36:03.516Z"],"queueLength":1,"runningWork":[],"workRunningCount":0}
[debug] [2023-08-08T13:36:03.516Z] [work-queue] {"queuedWork":[],"queueLength":0,"runningWork":["/clone-3ccac/us-centrxal1/api/payments/create-2023-08-08T13:36:03.516Z"],"workRunningCount":1}
[debug] [2023-08-08T13:36:03.516Z] [work-queue] {"queuedWork":[],"queueLength":0,"runningWork":[],"workRunningCount":0}
[debug] [2023-08-08T13:36:03.517Z] [work-queue] {"queuedWork":["/clone-3ccac/us-centrxal1/api/payments/create-2023-08-08T13:36:03.517Z"],"queueLength":1,"runningWork":[],"workRunningCount":0}
[debug] [2023-08-08T13:36:03.517Z] [work-queue] {"queuedWork":[],"queueLength":0,"runningWork":["/clone-3ccac/us-centrxal1/api/payments/create-2023-08-08T13:36:03.517Z"],"workRunningCount":1}
[debug] [2023-08-08T13:36:03.518Z] [work-queue] {"queuedWork":[],"queueLength":0,"runningWork":[],"workRunningCount":0}
[debug] [2023-08-08T13:40:38.585Z] File E:\Amazon_clone\amazon\functions\index.js changed, reloading triggers {"metadata":{"emulator":{"name":"functions"},"message":"File E:\\Amazon_clone\\amazon\\functions\\index.js changed, reloading triggers"}}
[debug] [2023-08-08T13:40:39.603Z] Validating nodejs source
[warn] !  functions: package.json indicates an outdated version of firebase-functions. Please upgrade using npm install --save firebase-functions@latest in your functions directory. 
[debug] [2023-08-08T13:40:41.717Z] > [functions] package.json contents: {
  "name": "functions",
  "description": "Cloud Functions for Firebase",
  "scripts": {
    "serve": "firebase emulators:start --only functions",
    "shell": "firebase functions:shell",
    "start": "npm run shell",
    "deploy": "firebase deploy --only functions",
    "logs": "firebase functions:log"
  },
  "engines": {
    "node": "16"
  },
  "main": "index.js",
  "dependencies": {
    "cors": "^2.8.5",
    "express": "^4.18.2",
    "firebase-admin": "^10.0.2",
    "firebase-functions": "^4.2.1",
    "stripe": "^11.10.0"
  },
  "devDependencies": {
    "firebase-functions-test": "^0.2.0"
  },
  "private": true
}
[debug] [2023-08-08T13:40:41.717Z] Building nodejs source
[debug] [2023-08-08T13:40:41.717Z] Failed to find version of module node: reached end of search path E:\Amazon_clone\amazon\functions\node_modules
[warn] !  functions: Your requested "node" version "16" doesn't match your global version "18". Using node@18 from host. 
[debug] [2023-08-08T13:40:41.719Z] Could not find functions.yaml. Must use http discovery
[debug] [2023-08-08T13:40:41.725Z] Found firebase-functions binary at 'E:\Amazon_clone\amazon\functions\node_modules\.bin\firebase-functions'
[debug] [2023-08-08T13:40:41.947Z] Serving at port 8577

[debug] [2023-08-08T13:40:42.245Z] Got response from /__/functions.yaml {"endpoints":{"api":{"platform":"gcfv1","availableMemoryMb":null,"timeoutSeconds":null,"minInstances":null,"maxInstances":null,"ingressSettings":null,"serviceAccountEmail":null,"vpc":null,"httpsTrigger":{},"entryPoint":"api"}},"specVersion":"v1alpha1","requiredAPIs":[]}
[debug] [2023-08-08T13:40:42.249Z] shutdown requested via /__/quitquitquit

[info] +  functions: Loaded functions definitions from source: api. {"metadata":{"emulator":{"name":"functions"},"message":"Loaded functions definitions from source: api."}}
[debug] [2023-08-08T14:18:06.688Z] Received signal SIGHUP 1
